<?xml version="1.0" encoding="UTF-8"?>
<!-- Generated by org.testng.reporters.JUnitReportReporter -->
<testsuite skipped="0" hostname="LAPTOP-JHCO5B84" name="scripts.AFTestClass" tests="1" failures="0" timestamp="21 Nov 2019 10:37:15 GMT" time="55.642" errors="0">
  <testcase name="start" time="55.642" classname="scripts.AFTestClass"/>
</testsuite> <!-- scripts.AFTestClass -->
